\BOOKMARK [1][-]{section.1}{Task 1}{}% 1
\BOOKMARK [2][-]{subsection.1.1}{Theoretical solution}{section.1}% 2
\BOOKMARK [2][-]{subsection.1.2}{Numerical solution}{section.1}% 3
\BOOKMARK [1][-]{section.2}{Task 2}{}% 4
\BOOKMARK [2][-]{subsection.2.1}{Theoretical solution}{section.2}% 5
\BOOKMARK [3][-]{subsubsection.2.1.1}{Problem 1}{subsection.2.1}% 6
\BOOKMARK [3][-]{subsubsection.2.1.2}{Problem 2}{subsection.2.1}% 7
\BOOKMARK [3][-]{subsubsection.2.1.3}{Problem 3}{subsection.2.1}% 8
\BOOKMARK [2][-]{subsection.2.2}{Numerical solution}{section.2}% 9
\BOOKMARK [1][-]{section.3}{Task 3}{}% 10
\BOOKMARK [2][-]{subsection.3.1}{Theoretical solution}{section.3}% 11
\BOOKMARK [3][-]{subsubsection.3.1.1}{Problem 1 \(MLE method\)}{subsection.3.1}% 12
\BOOKMARK [3][-]{subsubsection.3.1.2}{Problem 2 \(Method of moments\)}{subsection.3.1}% 13
\BOOKMARK [2][-]{subsection.3.2}{Numerical solution}{section.3}% 14
\BOOKMARK [1][-]{section.4}{Task 4}{}% 15
\BOOKMARK [2][-]{subsection.4.1}{Theoretical solution}{section.4}% 16
\BOOKMARK [3][-]{subsubsection.4.1.1}{Problem 1}{subsection.4.1}% 17
\BOOKMARK [3][-]{subsubsection.4.1.2}{Problem 2}{subsection.4.1}% 18
\BOOKMARK [2][-]{subsection.4.2}{Numerical solutions}{section.4}% 19
\BOOKMARK [1][-]{section.5}{Appendix}{}% 20
